<?xml version="1.0" encoding="UTF-8"?>
<testng-results skipped="0" failed="0" ignored="0" total="2" passed="2">
  <reporter-output>
    <line>
      <![CDATA[successsss]]>
    </line>
    <line>
      <![CDATA[successsss]]>
    </line>
  </reporter-output>
  <suite name="Suite" duration-ms="285166" started-at="2019-01-04T05:24:37Z" finished-at="2019-01-04T05:29:22Z">
    <groups>
    </groups>
    <test name="Test1" duration-ms="193763" started-at="2019-01-04T05:24:37Z" finished-at="2019-01-04T05:27:51Z">
      <class name="scripts.TestLogin">
        <test-method status="PASS" signature="openBrowser(java.lang.String, java.lang.String)[pri:0, instance:scripts.TestLogin@5e5792a0]" name="openBrowser" is-config="true" duration-ms="191136" started-at="2019-01-04T05:24:37Z" finished-at="2019-01-04T05:27:48Z">
          <params>
            <param index="0">
              <value>
                <![CDATA[localhost]]>
              </value>
            </param>
            <param index="1">
              <value>
                <![CDATA[chrome]]>
              </value>
            </param>
          </params>
          <reporter-output>
          </reporter-output>
        </test-method> <!-- openBrowser -->
        <test-method status="PASS" signature="test()[pri:0, instance:scripts.TestLogin@5e5792a0]" name="test" duration-ms="485" started-at="2019-01-04T05:27:48Z" finished-at="2019-01-04T05:27:49Z">
          <reporter-output>
            <line>
              <![CDATA[successsss]]>
            </line>
          </reporter-output>
        </test-method> <!-- test -->
        <test-method status="PASS" signature="closeBrowser()[pri:0, instance:scripts.TestLogin@5e5792a0]" name="closeBrowser" is-config="true" duration-ms="2127" started-at="2019-01-04T05:27:49Z" finished-at="2019-01-04T05:27:51Z">
          <reporter-output>
          </reporter-output>
        </test-method> <!-- closeBrowser -->
      </class> <!-- scripts.TestLogin -->
    </test> <!-- Test1 -->
    <test name="Test2" duration-ms="91357" started-at="2019-01-04T05:27:51Z" finished-at="2019-01-04T05:29:22Z">
      <class name="scripts.TestLogin">
        <test-method status="PASS" signature="openBrowser(java.lang.String, java.lang.String)[pri:0, instance:scripts.TestLogin@754ba872]" name="openBrowser" is-config="true" duration-ms="88708" started-at="2019-01-04T05:27:51Z" finished-at="2019-01-04T05:29:20Z">
          <params>
            <param index="0">
              <value>
                <![CDATA[localhost]]>
              </value>
            </param>
            <param index="1">
              <value>
                <![CDATA[chrome]]>
              </value>
            </param>
          </params>
          <reporter-output>
          </reporter-output>
        </test-method> <!-- openBrowser -->
        <test-method status="PASS" signature="test()[pri:0, instance:scripts.TestLogin@754ba872]" name="test" duration-ms="530" started-at="2019-01-04T05:29:20Z" finished-at="2019-01-04T05:29:20Z">
          <reporter-output>
            <line>
              <![CDATA[successsss]]>
            </line>
          </reporter-output>
        </test-method> <!-- test -->
        <test-method status="PASS" signature="closeBrowser()[pri:0, instance:scripts.TestLogin@754ba872]" name="closeBrowser" is-config="true" duration-ms="2119" started-at="2019-01-04T05:29:20Z" finished-at="2019-01-04T05:29:22Z">
          <reporter-output>
          </reporter-output>
        </test-method> <!-- closeBrowser -->
      </class> <!-- scripts.TestLogin -->
    </test> <!-- Test2 -->
  </suite> <!-- Suite -->
</testng-results>
